[19:56:46] [ServerMain/INFO]: Environment: Environment[sessionHost=https://sessionserver.mojang.com, servicesHost=https://api.minecraftservices.com, name=PROD]
[19:56:47] [ServerMain/INFO]: No existing world data, creating new world
[19:56:48] [ServerMain/INFO]: Loaded 1290 recipes
[19:56:49] [ServerMain/INFO]: Loaded 1399 advancements
[19:56:50] [Server thread/INFO]: Starting minecraft server version 1.21
[19:56:50] [Server thread/INFO]: Loading properties
[19:56:50] [Server thread/INFO]: Default game type: SURVIVAL
[19:56:50] [Server thread/INFO]: Generating keypair
[19:56:50] [Server thread/INFO]: Starting Minecraft server on *:25565
[19:56:50] [Server thread/INFO]: Using epoll channel type
[19:56:50] [Server thread/WARN]: **** SERVER IS RUNNING IN OFFLINE/INSECURE MODE!
[19:56:50] [Server thread/WARN]: The server will make no attempt to authenticate usernames. Beware.
[19:56:50] [Server thread/WARN]: While this makes the game possible to play without internet access, it also opens up the ability for hackers to connect with any username they choose.
[19:56:50] [Server thread/WARN]: To change this, set "online-mode" to "true" in the server.properties file.
[19:56:50] [Server thread/INFO]: Preparing level "world"
[19:57:02] [Server thread/INFO]: Preparing start region for dimension minecraft:overworld
[19:57:02] [Worker-Main-1/INFO]: Preparing spawn area: 2%
[19:57:03] [Worker-Main-1/INFO]: Preparing spawn area: 2%
[19:57:04] [Worker-Main-1/INFO]: Preparing spawn area: 2%
[19:57:04] [Worker-Main-1/INFO]: Preparing spawn area: 2%
[19:57:04] [Worker-Main-1/INFO]: Preparing spawn area: 2%
[19:57:05] [Worker-Main-1/INFO]: Preparing spawn area: 2%
[19:57:05] [Worker-Main-1/INFO]: Preparing spawn area: 2%
[19:57:06] [Worker-Main-1/INFO]: Preparing spawn area: 2%
[19:57:06] [Worker-Main-1/INFO]: Preparing spawn area: 2%
[19:57:07] [Worker-Main-1/INFO]: Preparing spawn area: 2%
[19:57:07] [Worker-Main-1/INFO]: Preparing spawn area: 2%
[19:57:08] [Worker-Main-1/INFO]: Preparing spawn area: 2%
[19:57:08] [Worker-Main-1/INFO]: Preparing spawn area: 2%
[19:57:09] [Worker-Main-1/INFO]: Preparing spawn area: 2%
[19:57:09] [Worker-Main-1/INFO]: Preparing spawn area: 2%
[19:57:10] [Worker-Main-1/INFO]: Preparing spawn area: 2%
[19:57:10] [Worker-Main-1/INFO]: Preparing spawn area: 2%
[19:57:11] [Worker-Main-1/INFO]: Preparing spawn area: 2%
[19:57:11] [Worker-Main-1/INFO]: Preparing spawn area: 36%
[19:57:12] [Server thread/INFO]: Time elapsed: 9265 ms
[19:57:12] [Server thread/INFO]: Done (21.553s)! For help, type "help"
[20:00:17] [Server thread/INFO]: Velaskovsy[/127.252.232.155:47893] logged in with entity id 55 at (2.5, 69.0, -1.5)
[20:00:17] [Server thread/INFO]: Velaskovsy joined the game
